#
# A fatal error has been detected by the Java Runtime Environment:
#
#  EXCEPTION_ACCESS_VIOLATION (0xc0000005) at pc=0x00007ffc9516c1c4, pid=23084, tid=42624
#
# JRE version: OpenJDK Runtime Environment (25.0.1+8) (build 25.0.1+8-27)
# Java VM: OpenJDK 64-Bit Server VM (25.0.1+8-27, mixed mode, sharing, tiered, compressed oops, compressed class ptrs, g1 gc, windows-amd64)
# Problematic frame:
# C  [cyjagent.dll+0xc1c4]
#
# No core dump will be written. Minidumps are not enabled by default on client versions of Windows
#
# If you would like to submit a bug report, please visit:
#   https://bugreport.java.com/bugreport/crash.jsp
# The crash happened outside the Java Virtual Machine in native code.
# See problematic frame for where to report the bug.
#

---------------  S U M M A R Y ------------

Command Line: -javaagent:C:\Users\enzoyano\AppData\Local\Programs\IntelliJ IDEA Community Edition 2025.2.4\lib\idea_rt.jar=54873 -Dfile.encoding=UTF-8 -Dsun.stdout.encoding=UTF-8 -Dsun.stderr.encoding=UTF-8 -agentpath:C:\Program Files\Palo Alto Networks\Traps\cyjagent.dll ZZAcollections.test.QueueTest01

Host: 12th Gen Intel(R) Core(TM) i5-1235U, 12 cores, 15G,  Windows 11 , 64 bit Build 22621 (10.0.22621.5415)
Time: Sun Jan 25 12:16:20 2026 Hora oficial do Brasil elapsed time: 0.192414 seconds (0d 0h 0m 0s)

---------------  T H R E A D  ---------------

Current thread (0x00000255551905e0):  JavaThread "Monitor Ctrl-Break" daemon [_thread_in_native, id=42624, stack(0x000000c3efc00000,0x000000c3efd00000) (1024K)]

Stack: [0x000000c3efc00000,0x000000c3efd00000],  sp=0x000000c3efcfc290,  free space=1008k
Native frames: (J=compiled Java code, j=interpreted, Vv=VM code, C=native code)
C  [cyjagent.dll+0xc1c4]  (no source info available)
V  [jvm.dll+0x64a5e8]  (no source info available)
V  [jvm.dll+0x641df2]  (no source info available)
V  [jvm.dll+0x641f05]  (no source info available)
V  [jvm.dll+0x6685c2]  (no source info available)
V  [jvm.dll+0x8d5049]  (no source info available)
V  [jvm.dll+0x8d4bf9]  (no source info available)
V  [jvm.dll+0x8d5d1a]  (no source info available)
V  [jvm.dll+0x8d6252]  (no source info available)
V  [jvm.dll+0x8d5fa6]  (no source info available)
V  [jvm.dll+0x2e5322]  (no source info available)
V  [jvm.dll+0x47158e]  (no source info available)
C  0x000002554114a858  (no source info available)

The last pc belongs to new (printed below).
Java frames: (J=compiled Java code, j=interpreted, Vv=VM code)
j  sun.nio.ch.Util$1.initialValue()Lsun/nio/ch/Util$BufferCache;+0 java.base@25.0.1
j  sun.nio.ch.Util$1.initialValue()Ljava/lang/Object;+1 java.base@25.0.1
j  java.lang.ThreadLocal.setInitialValue(Ljava/lang/Thread;)Ljava/lang/Object;+1 java.base@25.0.1
j  java.lang.ThreadLocal.get(Ljava/lang/Thread;)Ljava/lang/Object;+31 java.base@25.0.1
j  java.lang.ThreadLocal.getCarrierThreadLocal()Ljava/lang/Object;+25 java.base@25.0.1
j  java.lang.System$1.getCarrierThreadLocal(Ljdk/internal/misc/CarrierThreadLocal;)Ljava/lang/Object;+1 java.base@25.0.1
j  jdk.internal.misc.CarrierThreadLocal.get()Ljava/lang/Object;+4 java.base@25.0.1
j  sun.nio.ch.Util.getTemporaryDirectBuffer(I)Ljava/nio/ByteBuffer;+30 java.base@25.0.1
j  sun.nio.ch.IOUtil.read(Ljava/io/FileDescriptor;Ljava/nio/ByteBuffer;JZZILsun/nio/ch/NativeDispatcher;)I+71 java.base@25.0.1
j  sun.nio.ch.IOUtil.read(Ljava/io/FileDescriptor;Ljava/nio/ByteBuffer;JZILsun/nio/ch/NativeDispatcher;)I+10 java.base@25.0.1
j  sun.nio.ch.FileChannelImpl.implRead(Ljava/nio/ByteBuffer;)I+148 java.base@25.0.1
j  sun.nio.ch.FileChannelImpl.read(Ljava/nio/ByteBuffer;)I+20 java.base@25.0.1
j  sun.nio.ch.ChannelInputStream.read(Ljava/nio/ByteBuffer;)I+64 java.base@25.0.1
j  sun.nio.ch.ChannelInputStream.read([BII)I+73 java.base@25.0.1
j  java.io.InputStream.read([B)I+5 java.base@25.0.1
j  java.util.Properties$LineReader.readLine()I+70 java.base@25.0.1
j  java.util.Properties.load0(Ljava/util/Properties$LineReader;)V+9 java.base@25.0.1
j  java.util.Properties.load(Ljava/io/InputStream;)V+16 java.base@25.0.1
j  java.security.Security$SecPropLoader.loadFromPath(Ljava/nio/file/Path;Ljava/security/Security$SecPropLoader$LoadingMode;)V+148 java.base@25.0.1
j  java.security.Security$SecPropLoader.loadMaster()V+28 java.base@25.0.1
j  java.security.Security$SecPropLoader.loadAll()V+0 java.base@25.0.1
j  java.security.Security.initialize()V+0 java.base@25.0.1
j  java.security.Security.<clinit>()V+19 java.base@25.0.1
v  ~StubRoutines::call_stub 0x00000255411312ed
j  sun.security.util.SecurityProperties.getOverridableProperty(Ljava/lang/String;)Ljava/lang/String;+10 java.base@25.0.1
j  sun.security.util.SecurityProperties.includedInExceptions(Ljava/lang/String;)Z+2 java.base@25.0.1
j  sun.security.util.SecurityProperties.<clinit>()V+2 java.base@25.0.1
v  ~StubRoutines::call_stub 0x00000255411312ed
j  jdk.internal.util.Exceptions.setup()V+15 java.base@25.0.1
j  java.net.InetAddress.<clinit>()V+43 java.base@25.0.1
v  ~StubRoutines::call_stub 0x00000255411312ed
j  java.net.InetSocketAddress.<init>(Ljava/lang/String;I)V+15 java.base@25.0.1
j  java.net.Socket.<init>(Ljava/lang/String;I)V+11 java.base@25.0.1
j  com.intellij.rt.execution.application.AppMainV2$1.run()V+10
v  ~StubRoutines::call_stub 0x00000255411312ed

siginfo: EXCEPTION_ACCESS_VIOLATION (0xc0000005), reading address 0x0000000000000000


Registers:
RAX=0x0000000000000000, RBX=0x0000025555190a28, RCX=0x0000000000000000, RDX=0x000002552ebe7c40
RSP=0x000000c3efcfc290, RBP=0x0000025530ebf8d0, RSI=0x0000000000000000, RDI=0x00000255551a56d0
R8 =0x000002552ea12dc0, R9 =0x0000000000000001, R10=0x0000000000000003, R11=0x000000c3efcfc110
R12=0x00000255551a56d0, R13=0x00000255551905e0, R14=0x00000255551905e0, R15=0x0000000000000000
RIP=0x00007ffc9516c1c4, EFLAGS=0x0000000000010202

XMM[0]=0x0000000000000000 0x0000000000000000
XMM[1]=0x0000000000000000 0x0000000000000000
XMM[2]=0x0000000000000000 0x0000000000000000
XMM[3]=0x0000000000000000 0x0000000000000000
XMM[4]=0x0000000000000000 0x0000000000000000
XMM[5]=0x0000000000000000 0x0000000000000000
XMM[6]=0x0000000000000000 0x0000000000000000
XMM[7]=0x0000000000000000 0x0000000000000000
XMM[8]=0x0000000000000000 0x0000000000000000
XMM[9]=0x0000000000000000 0x0000000000000000
XMM[10]=0x0000000000000000 0x0000000000000000
XMM[11]=0x0000000000000000 0x0000000000000000
XMM[12]=0x0000000000000000 0x0000000000000000
XMM[13]=0x0000000000000000 0x0000000000000000
XMM[14]=0x0000000000000000 0x0000000000000000
XMM[15]=0x0000000000000000 0x0000000000000000
  MXCSR=0x00001fa0


Register to memory mapping:

RAX=0x0 is null
RBX=0x0000025555190a28 points into unknown readable memory: 0x00007ffc083e6b50 | 50 6b 3e 08 fc 7f 00 00
RCX=0x0 is null
RDX=0x000002552ebe7c40 points into unknown readable memory: 0x00000255551905e0 | e0 05 19 55 55 02 00 00
RSP=0x000000c3efcfc290 is pointing into the stack for thread: 0x00000255551905e0
RBP=0x0000025530ebf8d0 points into unknown readable memory: 0x0000025530e19ac0 | c0 9a e1 30 55 02 00 00
RSI=0x0 is null
RDI=0x00000255551a56d0 points into unknown readable memory: 0x2f6f696e2f6e7573 | 73 75 6e 2f 6e 69 6f 2f
R8 =0x000002552ea12dc0 points into unknown readable memory: 0x000002552ea10d50 | 50 0d a1 2e 55 02 00 00
R9 =0x0000000000000001 is an unknown value
R10=0x0000000000000003 is an unknown value
R11=0x000000c3efcfc110 is pointing into the stack for thread: 0x00000255551905e0
R12=0x00000255551a56d0 points into unknown readable memory: 0x2f6f696e2f6e7573 | 73 75 6e 2f 6e 69 6f 2f
R13=0x00000255551905e0 is a thread
R14=0x00000255551905e0 is a thread
R15=0x0 is null

Top of Stack: (sp=0x000000c3efcfc290)
0x000000c3efcfc290:   00000255551a56d0 0000025555190a28   .V.UU...(..UU...
0x000000c3efcfc2a0:   0000000000000000 00007ffc8a962910   .........)......
0x000000c3efcfc2b0:   0000000000000003 0000000000000876   ........v.......
0x000000c3efcfc2c0:   000000001867fe20 0000025530ebf8d0    .g........0U...
0x000000c3efcfc2d0:   000000000000001b 000000c3efcfc4b0   ................
0x000000c3efcfc2e0:   000002552ebe6b80 000000c3efcfc4e8   .k..U...........
0x000000c3efcfc2f0:   000000c3efcfc4e0 00007ffc07d4a5e8   ................
0x000000c3efcfc300:   000002552ebe6b80 0000000000000000   .k..U...........
0x000000c3efcfc310:   000000c3efcfc4b0 0000000000000000   ................
0x000000c3efcfc320:   00000255551a56d0 0000000000000000   .V.UU...........
0x000000c3efcfc330:   0000025500000876 00000255551a4e28   v...U...(N.UU...
0x000000c3efcfc340:   000000c3efcfc438 000000c3efcfc358   8.......X.......
0x000000c3efcfc350:   0000025500000000 0000000000000000   ....U...........
0x000000c3efcfc360:   0000000000000000 0000000000000000   ................
0x000000c3efcfc370:   000002555517b3a0 00000255551a4e10   ...UU....N.UU...
0x000000c3efcfc380:   00000255551a56f0 00000255551ace00   .V.UU......UU...
0x000000c3efcfc390:   00000000000083b0 00000255551905e0   ...........UU...
0x000000c3efcfc3a0:   00000255551905e0 000002555517b3e0   ...UU......UU...
0x000000c3efcfc3b0:   0000025555174b40 0000025555174b78   @K.UU...xK.UU...
0x000000c3efcfc3c0:   0000025555174c30 00000000000000d8   0L.UU...........
0x000000c3efcfc3d0:   000000c3efcfca88 000002555517b3a0   ...........UU...
0x000000c3efcfc3e0:   0000000000000048 00000255551905e0   H..........UU...
0x000000c3efcfc3f0:   0000000000000003 000002552ebe6b80   .........k..U...
0x000000c3efcfc400:   000000c3efcfc4b0 0000000000000000   ................
0x000000c3efcfc410:   0000000000000020 00007ffc07d41df2    ...............
0x000000c3efcfc420:   000002555061b101 00007ffc0799405b   ..aPU...[@......
0x000000c3efcfc430:   0000000000013101 0000025500000000   .1..........U...
0x000000c3efcfc440:   0000000000000000 000000001867fe20   ........ .g.....
0x000000c3efcfc450:   000002555078c128 000002555061b180   (.xPU.....aPU...
0x000000c3efcfc460:   0000000000000000 00007ffc07d41f05   ................
0x000000c3efcfc470:   000000c3efcfc578 0000000000000000   x...............
0x000000c3efcfc480:   00000255551905e0 000002555061b180   ...UU.....aPU...

Instructions: (pc=0x00007ffc9516c1c4)
  0x00007ffc9516c0c4:   00 00 03 72 2d 44 8b ce 48 8d 05 3d e0 01 00 ba
  0x00007ffc9516c0d4:   2f 00 00 00 4e 8b 0c c8 48 8b 89 b0 02 00 00 4c
  0x00007ffc9516c0e4:   8d 05 56 df 01 00 e8 51 50 ff ff 48 8b 0d ea 38
  0x00007ffc9516c0f4:   02 00 48 3b cb 74 68 f6 81 bc 02 00 00 10 74 5f
  0x00007ffc9516c104:   80 b9 b9 02 00 00 02 72 56 4c 8b 8c 24 90 00 00
  0x00007ffc9516c114:   00 4c 8d 05 24 df 01 00 48 8b 89 b0 02 00 00 ba
  0x00007ffc9516c124:   31 00 00 00 e8 13 50 ff ff eb 34 49 8b 0f 4c 8b
  0x00007ffc9516c134:   c3 48 8b d6 e8 d3 63 00 00 48 8b 84 24 b0 00 00
  0x00007ffc9516c144:   00 89 18 48 8b 0d 6a 4c 02 00 4c 8b c6 33 d2 ff
  0x00007ffc9516c154:   15 87 50 01 00 eb 08 a8 02 75 04 c6 47 40 01 b8
  0x00007ffc9516c164:   ff ff ff ff f0 0f c1 47 10 4c 8b b4 24 88 00 00
  0x00007ffc9516c174:   00 83 f8 01 75 42 48 8b 4f 18 48 81 c1 70 01 00
  0x00007ffc9516c184:   00 ff 15 1d 51 01 00 48 8b 0f 48 8b 47 08 48 89
  0x00007ffc9516c194:   08 48 89 41 08 48 8b 4f 18 48 81 c1 70 01 00 00
  0x00007ffc9516c1a4:   ff 15 06 51 01 00 48 8b 0d 07 4c 02 00 4c 8b c7
  0x00007ffc9516c1b4:   33 d2 ff 15 24 50 01 00 48 8b 4d 20 48 8b 55 10
=>0x00007ffc9516c1c4:   48 8b 01 48 8b 80 08 01 00 00 ff 15 0c 51 01 00
  0x00007ffc9516c1d4:   85 c0 74 40 48 8b 0d 01 38 02 00 48 8d 15 fa 37
  0x00007ffc9516c1e4:   02 00 48 3b ca 74 2d f6 81 bc 02 00 00 10 74 24
