#
# A fatal error has been detected by the Java Runtime Environment:
#
#  EXCEPTION_ACCESS_VIOLATION (0xc0000005) at pc=0x00007ffc42c4c1c4, pid=26708, tid=23340
#
# JRE version: OpenJDK Runtime Environment (25.0.1+8) (build 25.0.1+8-27)
# Java VM: OpenJDK 64-Bit Server VM (25.0.1+8-27, mixed mode, sharing, tiered, compressed oops, compressed class ptrs, g1 gc, windows-amd64)
# Problematic frame:
# C  [cyjagent.dll+0xc1c4]
#
# No core dump will be written. Minidumps are not enabled by default on client versions of Windows
#
# If you would like to submit a bug report, please visit:
#   https://bugreport.java.com/bugreport/crash.jsp
# The crash happened outside the Java Virtual Machine in native code.
# See problematic frame for where to report the bug.
#

---------------  S U M M A R Y ------------

Command Line: -javaagent:C:\Users\enzoyano\AppData\Local\Programs\IntelliJ IDEA Community Edition 2025.2.4\lib\idea_rt.jar=50677 -Dfile.encoding=UTF-8 -Dsun.stdout.encoding=UTF-8 -Dsun.stderr.encoding=UTF-8 -agentpath:C:\Program Files\Palo Alto Networks\Traps\cyjagent.dll ZZElambdas.test.MethodReferenceTest01

Host: 12th Gen Intel(R) Core(TM) i5-1235U, 12 cores, 15G,  Windows 11 , 64 bit Build 22621 (10.0.22621.5415)
Time: Tue Jan 27 14:06:11 2026 Hora oficial do Brasil elapsed time: 0.176146 seconds (0d 0h 0m 0s)

---------------  T H R E A D  ---------------

Current thread (0x00000247b72c7d90):  JavaThread "Monitor Ctrl-Break" daemon [_thread_in_native, id=23340, stack(0x000000a2bd500000,0x000000a2bd600000) (1024K)]

Stack: [0x000000a2bd500000,0x000000a2bd600000],  sp=0x000000a2bd5fbdc0,  free space=1007k
Native frames: (J=compiled Java code, j=interpreted, Vv=VM code, C=native code)
C  [cyjagent.dll+0xc1c4]  (no source info available)
V  [jvm.dll+0x64a5e8]  (no source info available)
V  [jvm.dll+0x641df2]  (no source info available)
V  [jvm.dll+0x641f05]  (no source info available)
V  [jvm.dll+0x6685c2]  (no source info available)
V  [jvm.dll+0x8d5049]  (no source info available)
V  [jvm.dll+0x8d4bf9]  (no source info available)
V  [jvm.dll+0x8d5d1a]  (no source info available)
V  [jvm.dll+0x8d6426]  (no source info available)
V  [jvm.dll+0x8d1452]  (no source info available)
V  [jvm.dll+0x8d4f85]  (no source info available)
V  [jvm.dll+0x8d4bf9]  (no source info available)
V  [jvm.dll+0x8d5d1a]  (no source info available)
V  [jvm.dll+0x8d6426]  (no source info available)
V  [jvm.dll+0x8d1452]  (no source info available)
V  [jvm.dll+0x8d4f85]  (no source info available)
V  [jvm.dll+0x8d4bf9]  (no source info available)
V  [jvm.dll+0x8d5d1a]  (no source info available)
V  [jvm.dll+0x8d6426]  (no source info available)
V  [jvm.dll+0x8d1452]  (no source info available)
V  [jvm.dll+0x8d4f85]  (no source info available)
V  [jvm.dll+0x8d4bf9]  (no source info available)
V  [jvm.dll+0x8d5d1a]  (no source info available)
V  [jvm.dll+0x8d6252]  (no source info available)
V  [jvm.dll+0x8d5fa6]  (no source info available)
V  [jvm.dll+0x2e5322]  (no source info available)
V  [jvm.dll+0x474a6f]  (no source info available)
C  0x00000247a721aeb5  (no source info available)

The last pc belongs to instanceof (printed below).
Java frames: (J=compiled Java code, j=interpreted, Vv=VM code)
j  sun.nio.ch.Streams.of(Ljava/nio/channels/ReadableByteChannel;)Ljava/io/InputStream;+1 java.base@25.0.1
j  java.nio.channels.Channels.newInputStream(Ljava/nio/channels/ReadableByteChannel;)Ljava/io/InputStream;+8 java.base@25.0.1
j  java.nio.file.spi.FileSystemProvider.newInputStream(Ljava/nio/file/Path;[Ljava/nio/file/OpenOption;)Ljava/io/InputStream;+98 java.base@25.0.1
j  java.nio.file.Files.newInputStream(Ljava/nio/file/Path;[Ljava/nio/file/OpenOption;)Ljava/io/InputStream;+6 java.base@25.0.1
j  java.security.Security$SecPropLoader.loadFromPath(Ljava/nio/file/Path;Ljava/security/Security$SecPropLoader$LoadingMode;)V+104 java.base@25.0.1
j  java.security.Security$SecPropLoader.loadMaster()V+28 java.base@25.0.1
j  java.security.Security$SecPropLoader.loadAll()V+0 java.base@25.0.1
j  java.security.Security.initialize()V+0 java.base@25.0.1
j  java.security.Security.<clinit>()V+19 java.base@25.0.1
v  ~StubRoutines::call_stub 0x00000247a72012ed
j  sun.security.util.SecurityProperties.getOverridableProperty(Ljava/lang/String;)Ljava/lang/String;+10 java.base@25.0.1
j  sun.security.util.SecurityProperties.includedInExceptions(Ljava/lang/String;)Z+2 java.base@25.0.1
j  sun.security.util.SecurityProperties.<clinit>()V+2 java.base@25.0.1
v  ~StubRoutines::call_stub 0x00000247a72012ed
j  jdk.internal.util.Exceptions.setup()V+15 java.base@25.0.1
j  java.net.InetAddress.<clinit>()V+43 java.base@25.0.1
v  ~StubRoutines::call_stub 0x00000247a72012ed
j  java.net.InetSocketAddress.<init>(Ljava/lang/String;I)V+15 java.base@25.0.1
j  java.net.Socket.<init>(Ljava/lang/String;I)V+11 java.base@25.0.1
j  com.intellij.rt.execution.application.AppMainV2$1.run()V+10
v  ~StubRoutines::call_stub 0x00000247a72012ed

siginfo: EXCEPTION_ACCESS_VIOLATION (0xc0000005), reading address 0x0000000000000000


Registers:
RAX=0x0000000000000000, RBX=0x00000247b72c81d8, RCX=0x0000000000000000, RDX=0x0000024794e7b070
RSP=0x000000a2bd5fbdc0, RBP=0x0000024796f8f8d0, RSI=0x0000000000000000, RDI=0x000002479748fa70
R8 =0x0000024794bc3480, R9 =0x0000000000000001, R10=0x0000000000000003, R11=0x000000a2bd5fbc40
R12=0x000002479748fa70, R13=0x00000247b72c7d90, R14=0x00000247b72c7d90, R15=0x0000000000000000
RIP=0x00007ffc42c4c1c4, EFLAGS=0x0000000000010202

XMM[0]=0x0000000000000000 0x0000000000000000
XMM[1]=0x0000000000000000 0x0000000000000000
XMM[2]=0x0000000000000000 0x0000000000000000
XMM[3]=0x0000000000000000 0x0000000000000000
XMM[4]=0x0000000000000000 0x0000000000000000
XMM[5]=0x0000000000000000 0x0000000000000000
XMM[6]=0x0000000000000000 0x0000000000000000
XMM[7]=0x0000000000000000 0x0000000000000000
XMM[8]=0x0000000000000000 0x0000000000000000
XMM[9]=0x0000000000000000 0x0000000000000000
XMM[10]=0x0000000000000000 0x0000000000000000
XMM[11]=0x0000000000000000 0x0000000000000000
XMM[12]=0x0000000000000000 0x0000000000000000
XMM[13]=0x0000000000000000 0x0000000000000000
XMM[14]=0x0000000000000000 0x0000000000000000
XMM[15]=0x0000000000000000 0x0000000000000000
  MXCSR=0x00001fa0


Register to memory mapping:

RAX=0x0 is null
RBX=0x00000247b72c81d8 points into unknown readable memory: 0x00007ffbd4396b50 | 50 6b 39 d4 fb 7f 00 00
RCX=0x0 is null
RDX=0x0000024794e7b070 points into unknown readable memory: 0x00000247b72c7d90 | 90 7d 2c b7 47 02 00 00
RSP=0x000000a2bd5fbdc0 is pointing into the stack for thread: 0x00000247b72c7d90
RBP=0x0000024796f8f8d0 points into unknown readable memory: 0x0000024796ee9ac0 | c0 9a ee 96 47 02 00 00
RSI=0x0 is null
RDI=0x000002479748fa70 points into unknown readable memory: 0x6f696e2f6176616a | 6a 61 76 61 2f 6e 69 6f
R8 =0x0000024794bc3480 points into unknown readable memory: 0x0000024794bc0ea0 | a0 0e bc 94 47 02 00 00
R9 =0x0000000000000001 is an unknown value
R10=0x0000000000000003 is an unknown value
R11=0x000000a2bd5fbc40 is pointing into the stack for thread: 0x00000247b72c7d90
R12=0x000002479748fa70 points into unknown readable memory: 0x6f696e2f6176616a | 6a 61 76 61 2f 6e 69 6f
R13=0x00000247b72c7d90 is a thread
R14=0x00000247b72c7d90 is a thread
R15=0x0 is null

Top of Stack: (sp=0x000000a2bd5fbdc0)
0x000000a2bd5fbdc0:   000002479748fa70 00000247b72c81d8   p.H.G.....,.G...
0x000000a2bd5fbdd0:   0000000000000000 00007ffc36652910   .........)e6....
0x000000a2bd5fbde0:   0000000000000003 0000000000000475   ........u.......
0x000000a2bd5fbdf0:   00000000205fdd68 0000024796f8f8d0   h._ ........G...
0x000000a2bd5fbe00:   0000000000000023 000000a2bd5fbfe0   #........._.....
0x000000a2bd5fbe10:   0000024794e7ad50 000000a2bd5fc018   P...G....._.....
0x000000a2bd5fbe20:   000000a2bd5fc010 00007ffbd3cfa5e8   .._.............
0x000000a2bd5fbe30:   0000024794e7ad50 0000000000000000   P...G...........
0x000000a2bd5fbe40:   000000a2bd5fbfe0 0000000000000000   .._.............
0x000000a2bd5fbe50:   000002479748fa70 0000000000000000   p.H.G...........
0x000000a2bd5fbe60:   0000024700000475 000002479748f5c8   u...G.....H.G...
0x000000a2bd5fbe70:   000000a2bd5fbf68 000000a2bd5fbe88   h._......._.....
0x000000a2bd5fbe80:   0000024700000000 0000000000000000   ....G...........
0x000000a2bd5fbe90:   0000000000000000 0000000000000000   ................
0x000000a2bd5fbea0:   00000247b72b5180 000002479748f5b0   .Q+.G.....H.G...
0x000000a2bd5fbeb0:   000002479748fa98 00000247974975a0   ..H.G....uI.G...
0x000000a2bd5fbec0:   00000000000083b0 00000247b72c7d90   .........},.G...
0x000000a2bd5fbed0:   00000247b72c7d90 00000247b72b4840   .},.G...@H+.G...
0x000000a2bd5fbee0:   00000247b72b38e0 00000247b72b3918   .8+.G....9+.G...
0x000000a2bd5fbef0:   00000247b72b39d0 00000000000000d8   .9+.G...........
0x000000a2bd5fbf00:   000000a2bd5fc5b8 00000247b72b5180   .._......Q+.G...
0x000000a2bd5fbf10:   0000000000000048 00000247b72c7d90   H........},.G...
0x000000a2bd5fbf20:   0000000000000003 0000024794e7ad50   ........P...G...
0x000000a2bd5fbf30:   000000a2bd5fbfe0 0000000000000000   .._.............
0x000000a2bd5fbf40:   0000000000000020 00007ffbd3cf1df2    ...............
0x000000a2bd5fbf50:   00000247b456cb01 00007ffbd394405b   ..V.G...[@......
0x000000a2bd5fbf60:   0000000000064701 0000024700000000   .G..........G...
0x000000a2bd5fbf70:   0000000000000000 00000000205fdd68   ........h._ ....
0x000000a2bd5fbf80:   00000247b45a6fb8 00000247b456cb90   .oZ.G.....V.G...
0x000000a2bd5fbf90:   0000000000000000 00007ffbd3cf1f05   ................
0x000000a2bd5fbfa0:   000000a2bd5fc0a8 0000000000000000   .._.............
0x000000a2bd5fbfb0:   00000247b72c7d90 00000247b456cb90   .},.G.....V.G...

Instructions: (pc=0x00007ffc42c4c1c4)
  0x00007ffc42c4c0c4:   00 00 03 72 2d 44 8b ce 48 8d 05 3d e0 01 00 ba
  0x00007ffc42c4c0d4:   2f 00 00 00 4e 8b 0c c8 48 8b 89 b0 02 00 00 4c
  0x00007ffc42c4c0e4:   8d 05 56 df 01 00 e8 51 50 ff ff 48 8b 0d ea 38
  0x00007ffc42c4c0f4:   02 00 48 3b cb 74 68 f6 81 bc 02 00 00 10 74 5f
  0x00007ffc42c4c104:   80 b9 b9 02 00 00 02 72 56 4c 8b 8c 24 90 00 00
  0x00007ffc42c4c114:   00 4c 8d 05 24 df 01 00 48 8b 89 b0 02 00 00 ba
  0x00007ffc42c4c124:   31 00 00 00 e8 13 50 ff ff eb 34 49 8b 0f 4c 8b
  0x00007ffc42c4c134:   c3 48 8b d6 e8 d3 63 00 00 48 8b 84 24 b0 00 00
  0x00007ffc42c4c144:   00 89 18 48 8b 0d 6a 4c 02 00 4c 8b c6 33 d2 ff
  0x00007ffc42c4c154:   15 87 50 01 00 eb 08 a8 02 75 04 c6 47 40 01 b8
  0x00007ffc42c4c164:   ff ff ff ff f0 0f c1 47 10 4c 8b b4 24 88 00 00
  0x00007ffc42c4c174:   00 83 f8 01 75 42 48 8b 4f 18 48 81 c1 70 01 00
  0x00007ffc42c4c184:   00 ff 15 1d 51 01 00 48 8b 0f 48 8b 47 08 48 89
  0x00007ffc42c4c194:   08 48 89 41 08 48 8b 4f 18 48 81 c1 70 01 00 00
  0x00007ffc42c4c1a4:   ff 15 06 51 01 00 48 8b 0d 07 4c 02 00 4c 8b c7
  0x00007ffc42c4c1b4:   33 d2 ff 15 24 50 01 00 48 8b 4d 20 48 8b 55 10
=>0x00007ffc42c4c1c4:   48 8b 01 48 8b 80 08 01 00 00 ff 15 0c 51 01 00
  0x00007ffc42c4c1d4:   85 c0 74 40 48 8b 0d 01 38 02 00 48 8d 15 fa 37
  0x00007ffc42c4c1e4:   02 00 48 3b ca 74 2d f6 81 