#
# A fatal error has been detected by the Java Runtime Environment:
#
#  EXCEPTION_ACCESS_VIOLATION (0xc0000005) at pc=0x00007ffc9516c1c4, pid=37496, tid=10228
#
# JRE version: OpenJDK Runtime Environment (25.0.1+8) (build 25.0.1+8-27)
# Java VM: OpenJDK 64-Bit Server VM (25.0.1+8-27, mixed mode, sharing, tiered, compressed oops, compressed class ptrs, g1 gc, windows-amd64)
# Problematic frame:
# C  [cyjagent.dll+0xc1c4]
#
# No core dump will be written. Minidumps are not enabled by default on client versions of Windows
#
# If you would like to submit a bug report, please visit:
#   https://bugreport.java.com/bugreport/crash.jsp
# The crash happened outside the Java Virtual Machine in native code.
# See problematic frame for where to report the bug.
#

---------------  S U M M A R Y ------------

Command Line: -javaagent:C:\Users\enzoyano\AppData\Local\Programs\IntelliJ IDEA Community Edition 2025.2.4\lib\idea_rt.jar=58345 -Dfile.encoding=UTF-8 -Dsun.stdout.encoding=UTF-8 -Dsun.stderr.encoding=UTF-8 -agentpath:C:\Program Files\Palo Alto Networks\Traps\cyjagent.dll ZZAcollections.test.BinarySearchTest01

Host: 12th Gen Intel(R) Core(TM) i5-1235U, 12 cores, 15G,  Windows 11 , 64 bit Build 22621 (10.0.22621.5415)
Time: Thu Jan 22 07:27:57 2026 Hora oficial do Brasil elapsed time: 0.223102 seconds (0d 0h 0m 0s)

---------------  T H R E A D  ---------------

Current thread (0x00000224569e5e90):  JavaThread "Monitor Ctrl-Break" daemon [_thread_in_native, id=10228, stack(0x0000006a6bc00000,0x0000006a6bd00000) (1024K)]

Stack: [0x0000006a6bc00000,0x0000006a6bd00000],  sp=0x0000006a6bcfb6d0,  free space=1005k
Native frames: (J=compiled Java code, j=interpreted, Vv=VM code, C=native code)
C  [cyjagent.dll+0xc1c4]  (no source info available)
